<?xml version="1.0" encoding="UTF-8"?>
<testsuite name="com.sparta.springcore.model.ProductTest" tests="1" skipped="0" failures="0" errors="0" timestamp="2022-10-15T13:57:15" hostname="DESKTOP-USPUUE5" time="0.02">
  <properties/>
  <testcase name="정상 케이스" classname="com.sparta.springcore.model.ProductTest" time="0.02"/>
  <system-out><![CDATA[]]></system-out>
  <system-err><![CDATA[]]></system-err>
</testsuite>
